2020-12-23 11:35:29.514 logback [main] INFO  c.a.n.c.c.i.LocalConfigInfoProcessor - LOCAL_SNAPSHOT_PATH:/Users/zhoukangwen/nacos/config
2020-12-23 11:35:29.546 logback [main] INFO  c.a.nacos.client.config.impl.Limiter - limitTime:5.0
2020-12-23 11:35:29.582 logback [main] INFO  o.s.c.b.c.PropertySourceBootstrapConfiguration - Located property source: [BootstrapPropertySource {name='bootstrapProperties-note-test.properties,DEFAULT_GROUP'}, BootstrapPropertySource {name='bootstrapProperties-note.properties,DEFAULT_GROUP'}, BootstrapPropertySource {name='bootstrapProperties-note,DEFAULT_GROUP'}]
2020-12-23 11:35:29.584 logback [main] INFO  c.t.note_board.NoteBoardApplication - The following profiles are active: test
2020-12-23 11:35:30.087 logback [main] INFO  o.s.d.r.c.RepositoryConfigurationDelegate - Multiple Spring Data modules found, entering strict repository configuration mode!
2020-12-23 11:35:30.087 logback [main] INFO  o.s.d.r.c.RepositoryConfigurationDelegate - Bootstrapping Spring Data repositories in DEFAULT mode.
2020-12-23 11:35:30.099 logback [main] INFO  o.s.d.r.c.RepositoryConfigurationDelegate - Finished Spring Data repository scanning in 9ms. Found 0 repository interfaces.
2020-12-23 11:35:30.113 logback [main] INFO  o.s.d.r.c.RepositoryConfigurationDelegate - Multiple Spring Data modules found, entering strict repository configuration mode!
2020-12-23 11:35:30.114 logback [main] INFO  o.s.d.r.c.RepositoryConfigurationDelegate - Bootstrapping Spring Data repositories in DEFAULT mode.
2020-12-23 11:35:30.128 logback [main] INFO  o.s.d.r.c.RepositoryConfigurationDelegate - Finished Spring Data repository scanning in 3ms. Found 0 repository interfaces.
2020-12-23 11:35:30.287 logback [main] INFO  o.s.cloud.context.scope.GenericScope - BeanFactory id=fb5f50f6-b434-3746-812f-c9f1848694f9
2020-12-23 11:35:30.332 logback [main] INFO  o.s.c.s.PostProcessorRegistrationDelegate$BeanPostProcessorChecker - Bean 'org.springframework.transaction.annotation.ProxyTransactionManagementConfiguration' of type [org.springframework.transaction.annotation.ProxyTransactionManagementConfiguration$$EnhancerBySpringCGLIB$$87b6b85f] is not eligible for getting processed by all BeanPostProcessors (for example: not eligible for auto-proxying)
2020-12-23 11:35:30.545 logback [main] INFO  o.s.b.w.e.tomcat.TomcatWebServer - Tomcat initialized with port(s): 8080 (http)
2020-12-23 11:35:30.558 logback [main] INFO  o.a.coyote.http11.Http11NioProtocol - Initializing ProtocolHandler ["http-nio-8080"]
2020-12-23 11:35:30.565 logback [main] INFO  o.a.catalina.core.StandardService - Starting service [Tomcat]
2020-12-23 11:35:30.566 logback [main] INFO  o.a.catalina.core.StandardEngine - Starting Servlet engine: [Apache Tomcat/9.0.22]
2020-12-23 11:35:30.666 logback [main] INFO  o.a.c.c.C.[Tomcat].[localhost].[/] - Initializing Spring embedded WebApplicationContext
2020-12-23 11:35:30.667 logback [main] INFO  o.s.web.context.ContextLoader - Root WebApplicationContext: initialization completed in 1071 ms
2020-12-23 11:35:30.959 logback [main] INFO  org.mongodb.driver.cluster - Cluster created with settings {hosts=[localhost:27017], mode=SINGLE, requiredClusterType=UNKNOWN, serverSelectionTimeout='30000 ms', maxWaitQueueSize=500}
2020-12-23 11:35:31.001 logback [cluster-ClusterId{value='5fe2bb02eedd765fcdb9cf95', description='null'}-localhost:27017] INFO  org.mongodb.driver.connection - Opened connection [connectionId{localValue:1, serverValue:51}] to localhost:27017
2020-12-23 11:35:31.004 logback [cluster-ClusterId{value='5fe2bb02eedd765fcdb9cf95', description='null'}-localhost:27017] INFO  org.mongodb.driver.cluster - Monitor thread successfully connected to server with description ServerDescription{address=localhost:27017, type=STANDALONE, state=CONNECTED, ok=true, version=ServerVersion{versionList=[4, 4, 2]}, minWireVersion=0, maxWireVersion=9, maxDocumentSize=16777216, logicalSessionTimeoutMinutes=30, roundTripTimeNanos=2425816}
2020-12-23 11:35:31.307 logback [main] INFO  c.a.d.s.b.a.DruidDataSourceAutoConfigure - Init DruidDataSource
2020-12-23 11:35:31.702 logback [main] INFO  c.alibaba.druid.pool.DruidDataSource - {dataSource-1} inited
2020-12-23 11:35:32.053 logback [main] INFO  c.n.c.sources.URLConfigurationSource - To enable URLs as dynamic configuration sources, define System property archaius.configurationSource.additionalUrls or make config.properties available on classpath.
2020-12-23 11:35:32.059 logback [main] INFO  c.n.c.sources.URLConfigurationSource - To enable URLs as dynamic configuration sources, define System property archaius.configurationSource.additionalUrls or make config.properties available on classpath.
2020-12-23 11:35:32.231 logback [main] INFO  o.s.s.c.ThreadPoolTaskExecutor - Initializing ExecutorService 'applicationTaskExecutor'
2020-12-23 11:35:32.350 logback [main] INFO  o.s.s.c.ThreadPoolTaskScheduler - Initializing ExecutorService 'Nacso-Watch-Task-Scheduler'
2020-12-23 11:35:32.357 logback [main] INFO  com.alibaba.nacos.client.naming - initializer namespace from System Property :null
2020-12-23 11:35:32.357 logback [main] INFO  com.alibaba.nacos.client.naming - initializer namespace from System Environment :null
2020-12-23 11:35:32.358 logback [main] INFO  com.alibaba.nacos.client.naming - initializer namespace from System Property :null
2020-12-23 11:35:32.729 logback [main] INFO  o.a.coyote.http11.Http11NioProtocol - Starting ProtocolHandler ["http-nio-8080"]
2020-12-23 11:35:32.754 logback [main] INFO  o.s.b.w.e.tomcat.TomcatWebServer - Tomcat started on port(s): 8080 (http) with context path ''
2020-12-23 11:35:32.756 logback [main] INFO  com.alibaba.nacos.client.naming - [BEAT] adding beat: {"cluster":"DEFAULT","ip":"10.26.232.116","metadata":{"preserved.register.source":"SPRING_CLOUD"},"period":5000,"port":8080,"scheduled":false,"serviceName":"DEFAULT_GROUP@@note","stopped":false,"weight":1.0} to beat map.
2020-12-23 11:35:32.766 logback [main] INFO  com.alibaba.nacos.client.naming - [REGISTER-SERVICE] 55d1ad44-b70b-413b-b8e6-7ab78b869a51 registering service DEFAULT_GROUP@@note with instance: {"clusterName":"DEFAULT","enabled":true,"ephemeral":true,"healthy":true,"instanceHeartBeatInterval":5000,"instanceHeartBeatTimeOut":15000,"ip":"10.26.232.116","ipDeleteTimeout":30000,"metadata":{"preserved.register.source":"SPRING_CLOUD"},"port":8080,"weight":1.0}
2020-12-23 11:35:32.774 logback [main] INFO  c.a.c.n.r.NacosServiceRegistry - nacos registry, DEFAULT_GROUP note 10.26.232.116:8080 register finished
2020-12-23 11:35:32.778 logback [main] INFO  c.t.note_board.NoteBoardApplication - Started NoteBoardApplication in 4.042 seconds (JVM running for 4.518)
2020-12-23 11:35:32.781 logback [main] INFO  c.a.n.c.config.impl.ClientWorker - [fixed-localhost_8848] [subscribe] note+DEFAULT_GROUP
2020-12-23 11:35:32.782 logback [main] INFO  c.a.n.client.config.impl.CacheData - [fixed-localhost_8848] [add-listener] ok, tenant=, dataId=note, group=DEFAULT_GROUP, cnt=1
2020-12-23 11:35:32.782 logback [main] INFO  c.a.n.c.config.impl.ClientWorker - [fixed-localhost_8848] [subscribe] note-test.properties+DEFAULT_GROUP
2020-12-23 11:35:32.782 logback [main] INFO  c.a.n.client.config.impl.CacheData - [fixed-localhost_8848] [add-listener] ok, tenant=, dataId=note-test.properties, group=DEFAULT_GROUP, cnt=1
2020-12-23 11:35:32.782 logback [main] INFO  c.a.n.c.config.impl.ClientWorker - [fixed-localhost_8848] [subscribe] note.properties+DEFAULT_GROUP
2020-12-23 11:35:32.782 logback [main] INFO  c.a.n.client.config.impl.CacheData - [fixed-localhost_8848] [add-listener] ok, tenant=, dataId=note.properties, group=DEFAULT_GROUP, cnt=1
2020-12-23 11:35:32.786 logback [com.alibaba.nacos.client.Worker.longPolling.fixed-localhost_8848] INFO  c.a.n.c.config.impl.ClientWorker - get changedGroupKeys:[]
2020-12-23 11:35:48.327 logback [http-nio-8080-exec-1] INFO  o.a.c.c.C.[Tomcat].[localhost].[/] - Initializing Spring DispatcherServlet 'dispatcherServlet'
2020-12-23 11:35:48.327 logback [http-nio-8080-exec-1] INFO  o.s.web.servlet.DispatcherServlet - Initializing Servlet 'dispatcherServlet'
2020-12-23 11:35:48.337 logback [http-nio-8080-exec-1] INFO  o.s.web.servlet.DispatcherServlet - Completed initialization in 10 ms
2020-12-23 11:35:48.364 logback [http-nio-8080-exec-1] INFO  c.t.n.controller.RegisterController - haha
2020-12-23 11:36:02.498 logback [com.alibaba.nacos.client.Worker.longPolling.fixed-localhost_8848] INFO  c.a.n.c.config.impl.ClientWorker - get changedGroupKeys:[]
2020-12-23 11:36:32.007 logback [com.alibaba.nacos.client.Worker.longPolling.fixed-localhost_8848] INFO  c.a.n.c.config.impl.ClientWorker - get changedGroupKeys:[]
2020-12-23 11:36:37.533 logback [Thread-20] INFO  o.s.s.c.ThreadPoolTaskScheduler - Shutting down ExecutorService 'Nacso-Watch-Task-Scheduler'
2020-12-23 11:36:37.535 logback [Thread-20] INFO  c.a.c.n.r.NacosServiceRegistry - De-registering from Nacos Server now...
2020-12-23 11:36:37.535 logback [Thread-20] INFO  com.alibaba.nacos.client.naming - [BEAT] removing beat: DEFAULT_GROUP@@note:10.26.232.116:8080 from beat map.
2020-12-23 11:36:37.536 logback [Thread-20] INFO  com.alibaba.nacos.client.naming - [DEREGISTER-SERVICE] 55d1ad44-b70b-413b-b8e6-7ab78b869a51 deregistering service DEFAULT_GROUP@@note with instance: {"clusterName":"DEFAULT","enabled":true,"ephemeral":true,"healthy":true,"instanceHeartBeatInterval":5000,"instanceHeartBeatTimeOut":15000,"instanceIdGenerator":"simple","ip":"10.26.232.116","ipDeleteTimeout":30000,"metadata":{},"port":8080,"weight":1.0}
2020-12-23 11:36:37.537 logback [Thread-20] INFO  c.a.c.n.r.NacosServiceRegistry - De-registration finished.
2020-12-23 11:36:37.538 logback [Thread-20] INFO  o.s.s.c.ThreadPoolTaskExecutor - Shutting down ExecutorService 'applicationTaskExecutor'
2020-12-23 11:36:37.545 logback [Thread-20] INFO  c.alibaba.druid.pool.DruidDataSource - {dataSource-1} closed
2020-12-23 11:37:14.701 logback [main] INFO  c.a.n.c.c.i.LocalConfigInfoProcessor - LOCAL_SNAPSHOT_PATH:/Users/zhoukangwen/nacos/config
2020-12-23 11:37:14.719 logback [main] INFO  c.a.nacos.client.config.impl.Limiter - limitTime:5.0
2020-12-23 11:37:14.745 logback [main] INFO  o.s.c.b.c.PropertySourceBootstrapConfiguration - Located property source: [BootstrapPropertySource {name='bootstrapProperties-note-test.properties,DEFAULT_GROUP'}, BootstrapPropertySource {name='bootstrapProperties-note.properties,DEFAULT_GROUP'}, BootstrapPropertySource {name='bootstrapProperties-note,DEFAULT_GROUP'}]
2020-12-23 11:37:14.748 logback [main] INFO  c.t.note_board.NoteBoardApplication - The following profiles are active: test
2020-12-23 11:37:15.162 logback [main] INFO  o.s.d.r.c.RepositoryConfigurationDelegate - Multiple Spring Data modules found, entering strict repository configuration mode!
2020-12-23 11:37:15.162 logback [main] INFO  o.s.d.r.c.RepositoryConfigurationDelegate - Bootstrapping Spring Data repositories in DEFAULT mode.
2020-12-23 11:37:15.174 logback [main] INFO  o.s.d.r.c.RepositoryConfigurationDelegate - Finished Spring Data repository scanning in 9ms. Found 0 repository interfaces.
2020-12-23 11:37:15.182 logback [main] INFO  o.s.d.r.c.RepositoryConfigurationDelegate - Multiple Spring Data modules found, entering strict repository configuration mode!
2020-12-23 11:37:15.183 logback [main] INFO  o.s.d.r.c.RepositoryConfigurationDelegate - Bootstrapping Spring Data repositories in DEFAULT mode.
2020-12-23 11:37:15.191 logback [main] INFO  o.s.d.r.c.RepositoryConfigurationDelegate - Finished Spring Data repository scanning in 3ms. Found 0 repository interfaces.
2020-12-23 11:37:15.335 logback [main] INFO  o.s.cloud.context.scope.GenericScope - BeanFactory id=fb5f50f6-b434-3746-812f-c9f1848694f9
2020-12-23 11:37:15.374 logback [main] INFO  o.s.c.s.PostProcessorRegistrationDelegate$BeanPostProcessorChecker - Bean 'org.springframework.transaction.annotation.ProxyTransactionManagementConfiguration' of type [org.springframework.transaction.annotation.ProxyTransactionManagementConfiguration$$EnhancerBySpringCGLIB$$d19049fd] is not eligible for getting processed by all BeanPostProcessors (for example: not eligible for auto-proxying)
2020-12-23 11:37:15.551 logback [main] INFO  o.s.b.w.e.tomcat.TomcatWebServer - Tomcat initialized with port(s): 8080 (http)
2020-12-23 11:37:15.561 logback [main] INFO  o.a.coyote.http11.Http11NioProtocol - Initializing ProtocolHandler ["http-nio-8080"]
2020-12-23 11:37:15.567 logback [main] INFO  o.a.catalina.core.StandardService - Starting service [Tomcat]
2020-12-23 11:37:15.568 logback [main] INFO  o.a.catalina.core.StandardEngine - Starting Servlet engine: [Apache Tomcat/9.0.22]
2020-12-23 11:37:15.651 logback [main] INFO  o.a.c.c.C.[Tomcat].[localhost].[/] - Initializing Spring embedded WebApplicationContext
2020-12-23 11:37:15.652 logback [main] INFO  o.s.web.context.ContextLoader - Root WebApplicationContext: initialization completed in 895 ms
2020-12-23 11:37:15.901 logback [main] INFO  org.mongodb.driver.cluster - Cluster created with settings {hosts=[localhost:27017], mode=SINGLE, requiredClusterType=UNKNOWN, serverSelectionTimeout='30000 ms', maxWaitQueueSize=500}
2020-12-23 11:37:15.933 logback [cluster-ClusterId{value='5fe2bb6beedd765fecb7f1a3', description='null'}-localhost:27017] INFO  org.mongodb.driver.connection - Opened connection [connectionId{localValue:1, serverValue:52}] to localhost:27017
2020-12-23 11:37:15.936 logback [cluster-ClusterId{value='5fe2bb6beedd765fecb7f1a3', description='null'}-localhost:27017] INFO  org.mongodb.driver.cluster - Monitor thread successfully connected to server with description ServerDescription{address=localhost:27017, type=STANDALONE, state=CONNECTED, ok=true, version=ServerVersion{versionList=[4, 4, 2]}, minWireVersion=0, maxWireVersion=9, maxDocumentSize=16777216, logicalSessionTimeoutMinutes=30, roundTripTimeNanos=1955610}
2020-12-23 11:37:16.163 logback [main] INFO  c.a.d.s.b.a.DruidDataSourceAutoConfigure - Init DruidDataSource
2020-12-23 11:37:16.469 logback [main] INFO  c.alibaba.druid.pool.DruidDataSource - {dataSource-1} inited
2020-12-23 11:37:16.750 logback [main] INFO  c.n.c.sources.URLConfigurationSource - To enable URLs as dynamic configuration sources, define System property archaius.configurationSource.additionalUrls or make config.properties available on classpath.
2020-12-23 11:37:16.754 logback [main] INFO  c.n.c.sources.URLConfigurationSource - To enable URLs as dynamic configuration sources, define System property archaius.configurationSource.additionalUrls or make config.properties available on classpath.
2020-12-23 11:37:16.910 logback [main] INFO  o.s.s.c.ThreadPoolTaskExecutor - Initializing ExecutorService 'applicationTaskExecutor'
2020-12-23 11:37:17.016 logback [main] INFO  o.s.s.c.ThreadPoolTaskScheduler - Initializing ExecutorService 'Nacso-Watch-Task-Scheduler'
2020-12-23 11:37:17.023 logback [main] INFO  com.alibaba.nacos.client.naming - initializer namespace from System Property :null
2020-12-23 11:37:17.024 logback [main] INFO  com.alibaba.nacos.client.naming - initializer namespace from System Environment :null
2020-12-23 11:37:17.025 logback [main] INFO  com.alibaba.nacos.client.naming - initializer namespace from System Property :null
2020-12-23 11:37:17.356 logback [main] INFO  o.a.coyote.http11.Http11NioProtocol - Starting ProtocolHandler ["http-nio-8080"]
2020-12-23 11:37:17.367 logback [main] INFO  o.s.b.w.e.tomcat.TomcatWebServer - Tomcat started on port(s): 8080 (http) with context path ''
2020-12-23 11:37:17.370 logback [main] INFO  com.alibaba.nacos.client.naming - [BEAT] adding beat: {"cluster":"DEFAULT","ip":"10.26.232.116","metadata":{"preserved.register.source":"SPRING_CLOUD"},"period":5000,"port":8080,"scheduled":false,"serviceName":"DEFAULT_GROUP@@note","stopped":false,"weight":1.0} to beat map.
2020-12-23 11:37:17.380 logback [main] INFO  com.alibaba.nacos.client.naming - [REGISTER-SERVICE] 55d1ad44-b70b-413b-b8e6-7ab78b869a51 registering service DEFAULT_GROUP@@note with instance: {"clusterName":"DEFAULT","enabled":true,"ephemeral":true,"healthy":true,"instanceHeartBeatInterval":5000,"instanceHeartBeatTimeOut":15000,"ip":"10.26.232.116","ipDeleteTimeout":30000,"metadata":{"preserved.register.source":"SPRING_CLOUD"},"port":8080,"weight":1.0}
2020-12-23 11:37:17.385 logback [main] INFO  c.a.c.n.r.NacosServiceRegistry - nacos registry, DEFAULT_GROUP note 10.26.232.116:8080 register finished
2020-12-23 11:37:17.389 logback [main] INFO  c.t.note_board.NoteBoardApplication - Started NoteBoardApplication in 3.46 seconds (JVM running for 3.919)
2020-12-23 11:37:17.393 logback [main] INFO  c.a.n.c.config.impl.ClientWorker - [fixed-localhost_8848] [subscribe] note+DEFAULT_GROUP
2020-12-23 11:37:17.393 logback [main] INFO  c.a.n.client.config.impl.CacheData - [fixed-localhost_8848] [add-listener] ok, tenant=, dataId=note, group=DEFAULT_GROUP, cnt=1
2020-12-23 11:37:17.393 logback [main] INFO  c.a.n.c.config.impl.ClientWorker - [fixed-localhost_8848] [subscribe] note-test.properties+DEFAULT_GROUP
2020-12-23 11:37:17.393 logback [main] INFO  c.a.n.client.config.impl.CacheData - [fixed-localhost_8848] [add-listener] ok, tenant=, dataId=note-test.properties, group=DEFAULT_GROUP, cnt=1
2020-12-23 11:37:17.394 logback [main] INFO  c.a.n.c.config.impl.ClientWorker - [fixed-localhost_8848] [subscribe] note.properties+DEFAULT_GROUP
2020-12-23 11:37:17.394 logback [main] INFO  c.a.n.client.config.impl.CacheData - [fixed-localhost_8848] [add-listener] ok, tenant=, dataId=note.properties, group=DEFAULT_GROUP, cnt=1
2020-12-23 11:37:17.398 logback [com.alibaba.nacos.client.Worker.longPolling.fixed-localhost_8848] INFO  c.a.n.c.config.impl.ClientWorker - get changedGroupKeys:[]
2020-12-23 11:37:21.467 logback [http-nio-8080-exec-2] INFO  o.a.c.c.C.[Tomcat].[localhost].[/] - Initializing Spring DispatcherServlet 'dispatcherServlet'
2020-12-23 11:37:21.468 logback [http-nio-8080-exec-2] INFO  o.s.web.servlet.DispatcherServlet - Initializing Servlet 'dispatcherServlet'
2020-12-23 11:37:21.473 logback [http-nio-8080-exec-2] INFO  o.s.web.servlet.DispatcherServlet - Completed initialization in 5 ms
2020-12-23 11:37:21.500 logback [http-nio-8080-exec-2] INFO  c.t.n.controller.RegisterController - haha
2020-12-23 11:37:47.102 logback [com.alibaba.nacos.client.Worker.longPolling.fixed-localhost_8848] INFO  c.a.n.c.config.impl.ClientWorker - get changedGroupKeys:[]
2020-12-23 11:38:16.613 logback [com.alibaba.nacos.client.Worker.longPolling.fixed-localhost_8848] INFO  c.a.n.c.config.impl.ClientWorker - get changedGroupKeys:[]
2020-12-23 11:38:46.116 logback [com.alibaba.nacos.client.Worker.longPolling.fixed-localhost_8848] INFO  c.a.n.c.config.impl.ClientWorker - get changedGroupKeys:[]
2020-12-23 11:39:08.438 logback [Thread-20] INFO  o.s.s.c.ThreadPoolTaskScheduler - Shutting down ExecutorService 'Nacso-Watch-Task-Scheduler'
2020-12-23 11:39:08.440 logback [Thread-20] INFO  c.a.c.n.r.NacosServiceRegistry - De-registering from Nacos Server now...
2020-12-23 11:39:08.440 logback [Thread-20] INFO  com.alibaba.nacos.client.naming - [BEAT] removing beat: DEFAULT_GROUP@@note:10.26.232.116:8080 from beat map.
2020-12-23 11:39:08.440 logback [Thread-20] INFO  com.alibaba.nacos.client.naming - [DEREGISTER-SERVICE] 55d1ad44-b70b-413b-b8e6-7ab78b869a51 deregistering service DEFAULT_GROUP@@note with instance: {"clusterName":"DEFAULT","enabled":true,"ephemeral":true,"healthy":true,"instanceHeartBeatInterval":5000,"instanceHeartBeatTimeOut":15000,"instanceIdGenerator":"simple","ip":"10.26.232.116","ipDeleteTimeout":30000,"metadata":{},"port":8080,"weight":1.0}
2020-12-23 11:39:08.442 logback [Thread-20] INFO  c.a.c.n.r.NacosServiceRegistry - De-registration finished.
2020-12-23 11:39:08.443 logback [Thread-20] INFO  o.s.s.c.ThreadPoolTaskExecutor - Shutting down ExecutorService 'applicationTaskExecutor'
2020-12-23 11:39:08.448 logback [Thread-20] INFO  c.alibaba.druid.pool.DruidDataSource - {dataSource-1} closed
2020-12-23 11:39:12.045 note [main] INFO  c.a.n.c.c.i.LocalConfigInfoProcessor - LOCAL_SNAPSHOT_PATH:/Users/zhoukangwen/nacos/config
2020-12-23 11:39:12.062 note [main] INFO  c.a.nacos.client.config.impl.Limiter - limitTime:5.0
2020-12-23 11:39:12.086 note [main] INFO  o.s.c.b.c.PropertySourceBootstrapConfiguration - Located property source: [BootstrapPropertySource {name='bootstrapProperties-note-test.properties,DEFAULT_GROUP'}, BootstrapPropertySource {name='bootstrapProperties-note.properties,DEFAULT_GROUP'}, BootstrapPropertySource {name='bootstrapProperties-note,DEFAULT_GROUP'}]
2020-12-23 11:39:12.089 note [main] INFO  c.t.note_board.NoteBoardApplication - The following profiles are active: test
2020-12-23 11:39:12.461 note [main] INFO  o.s.d.r.c.RepositoryConfigurationDelegate - Multiple Spring Data modules found, entering strict repository configuration mode!
2020-12-23 11:39:12.461 note [main] INFO  o.s.d.r.c.RepositoryConfigurationDelegate - Bootstrapping Spring Data repositories in DEFAULT mode.
2020-12-23 11:39:12.472 note [main] INFO  o.s.d.r.c.RepositoryConfigurationDelegate - Finished Spring Data repository scanning in 8ms. Found 0 repository interfaces.
2020-12-23 11:39:12.479 note [main] INFO  o.s.d.r.c.RepositoryConfigurationDelegate - Multiple Spring Data modules found, entering strict repository configuration mode!
2020-12-23 11:39:12.480 note [main] INFO  o.s.d.r.c.RepositoryConfigurationDelegate - Bootstrapping Spring Data repositories in DEFAULT mode.
2020-12-23 11:39:12.488 note [main] INFO  o.s.d.r.c.RepositoryConfigurationDelegate - Finished Spring Data repository scanning in 2ms. Found 0 repository interfaces.
2020-12-23 11:39:12.637 note [main] INFO  o.s.cloud.context.scope.GenericScope - BeanFactory id=fb5f50f6-b434-3746-812f-c9f1848694f9
2020-12-23 11:39:12.675 note [main] INFO  o.s.c.s.PostProcessorRegistrationDelegate$BeanPostProcessorChecker - Bean 'org.springframework.transaction.annotation.ProxyTransactionManagementConfiguration' of type [org.springframework.transaction.annotation.ProxyTransactionManagementConfiguration$$EnhancerBySpringCGLIB$$63b1fe94] is not eligible for getting processed by all BeanPostProcessors (for example: not eligible for auto-proxying)
2020-12-23 11:39:12.846 note [main] INFO  o.s.b.w.e.tomcat.TomcatWebServer - Tomcat initialized with port(s): 8080 (http)
2020-12-23 11:39:12.856 note [main] INFO  o.a.coyote.http11.Http11NioProtocol - Initializing ProtocolHandler ["http-nio-8080"]
2020-12-23 11:39:12.863 note [main] INFO  o.a.catalina.core.StandardService - Starting service [Tomcat]
2020-12-23 11:39:12.863 note [main] INFO  o.a.catalina.core.StandardEngine - Starting Servlet engine: [Apache Tomcat/9.0.22]
2020-12-23 11:39:12.946 note [main] INFO  o.a.c.c.C.[Tomcat].[localhost].[/] - Initializing Spring embedded WebApplicationContext
2020-12-23 11:39:12.946 note [main] INFO  o.s.web.context.ContextLoader - Root WebApplicationContext: initialization completed in 848 ms
2020-12-23 11:39:13.180 note [main] INFO  org.mongodb.driver.cluster - Cluster created with settings {hosts=[localhost:27017], mode=SINGLE, requiredClusterType=UNKNOWN, serverSelectionTimeout='30000 ms', maxWaitQueueSize=500}
2020-12-23 11:39:13.217 note [cluster-ClusterId{value='5fe2bbe1eedd76600235188f', description='null'}-localhost:27017] INFO  org.mongodb.driver.connection - Opened connection [connectionId{localValue:1, serverValue:53}] to localhost:27017
2020-12-23 11:39:13.220 note [cluster-ClusterId{value='5fe2bbe1eedd76600235188f', description='null'}-localhost:27017] INFO  org.mongodb.driver.cluster - Monitor thread successfully connected to server with description ServerDescription{address=localhost:27017, type=STANDALONE, state=CONNECTED, ok=true, version=ServerVersion{versionList=[4, 4, 2]}, minWireVersion=0, maxWireVersion=9, maxDocumentSize=16777216, logicalSessionTimeoutMinutes=30, roundTripTimeNanos=1938055}
2020-12-23 11:39:13.445 note [main] INFO  c.a.d.s.b.a.DruidDataSourceAutoConfigure - Init DruidDataSource
2020-12-23 11:39:13.739 note [main] INFO  c.alibaba.druid.pool.DruidDataSource - {dataSource-1} inited
2020-12-23 11:39:14.010 note [main] INFO  c.n.c.sources.URLConfigurationSource - To enable URLs as dynamic configuration sources, define System property archaius.configurationSource.additionalUrls or make config.properties available on classpath.
2020-12-23 11:39:14.015 note [main] INFO  c.n.c.sources.URLConfigurationSource - To enable URLs as dynamic configuration sources, define System property archaius.configurationSource.additionalUrls or make config.properties available on classpath.
2020-12-23 11:39:14.186 note [main] INFO  o.s.s.c.ThreadPoolTaskExecutor - Initializing ExecutorService 'applicationTaskExecutor'
2020-12-23 11:39:14.287 note [main] INFO  o.s.s.c.ThreadPoolTaskScheduler - Initializing ExecutorService 'Nacso-Watch-Task-Scheduler'
2020-12-23 11:39:14.293 note [main] INFO  com.alibaba.nacos.client.naming - initializer namespace from System Property :null
2020-12-23 11:39:14.294 note [main] INFO  com.alibaba.nacos.client.naming - initializer namespace from System Environment :null
2020-12-23 11:39:14.294 note [main] INFO  com.alibaba.nacos.client.naming - initializer namespace from System Property :null
2020-12-23 11:39:14.623 note [main] INFO  o.a.coyote.http11.Http11NioProtocol - Starting ProtocolHandler ["http-nio-8080"]
2020-12-23 11:39:14.634 note [main] INFO  o.s.b.w.e.tomcat.TomcatWebServer - Tomcat started on port(s): 8080 (http) with context path ''
2020-12-23 11:39:14.637 note [main] INFO  com.alibaba.nacos.client.naming - [BEAT] adding beat: {"cluster":"DEFAULT","ip":"10.26.232.116","metadata":{"preserved.register.source":"SPRING_CLOUD"},"period":5000,"port":8080,"scheduled":false,"serviceName":"DEFAULT_GROUP@@note","stopped":false,"weight":1.0} to beat map.
2020-12-23 11:39:14.646 note [main] INFO  com.alibaba.nacos.client.naming - [REGISTER-SERVICE] 55d1ad44-b70b-413b-b8e6-7ab78b869a51 registering service DEFAULT_GROUP@@note with instance: {"clusterName":"DEFAULT","enabled":true,"ephemeral":true,"healthy":true,"instanceHeartBeatInterval":5000,"instanceHeartBeatTimeOut":15000,"ip":"10.26.232.116","ipDeleteTimeout":30000,"metadata":{"preserved.register.source":"SPRING_CLOUD"},"port":8080,"weight":1.0}
2020-12-23 11:39:14.650 note [main] INFO  c.a.c.n.r.NacosServiceRegistry - nacos registry, DEFAULT_GROUP note 10.26.232.116:8080 register finished
2020-12-23 11:39:14.654 note [main] INFO  c.t.note_board.NoteBoardApplication - Started NoteBoardApplication in 3.234 seconds (JVM running for 4.804)
2020-12-23 11:39:14.657 note [main] INFO  c.a.n.c.config.impl.ClientWorker - [fixed-localhost_8848] [subscribe] note+DEFAULT_GROUP
2020-12-23 11:39:14.658 note [main] INFO  c.a.n.client.config.impl.CacheData - [fixed-localhost_8848] [add-listener] ok, tenant=, dataId=note, group=DEFAULT_GROUP, cnt=1
2020-12-23 11:39:14.658 note [main] INFO  c.a.n.c.config.impl.ClientWorker - [fixed-localhost_8848] [subscribe] note-test.properties+DEFAULT_GROUP
2020-12-23 11:39:14.658 note [main] INFO  c.a.n.client.config.impl.CacheData - [fixed-localhost_8848] [add-listener] ok, tenant=, dataId=note-test.properties, group=DEFAULT_GROUP, cnt=1
2020-12-23 11:39:14.658 note [main] INFO  c.a.n.c.config.impl.ClientWorker - [fixed-localhost_8848] [subscribe] note.properties+DEFAULT_GROUP
2020-12-23 11:39:14.658 note [main] INFO  c.a.n.client.config.impl.CacheData - [fixed-localhost_8848] [add-listener] ok, tenant=, dataId=note.properties, group=DEFAULT_GROUP, cnt=1
2020-12-23 11:39:14.667 note [com.alibaba.nacos.client.Worker.longPolling.fixed-localhost_8848] INFO  c.a.n.c.config.impl.ClientWorker - get changedGroupKeys:[]
2020-12-23 11:39:44.374 note [com.alibaba.nacos.client.Worker.longPolling.fixed-localhost_8848] INFO  c.a.n.c.config.impl.ClientWorker - get changedGroupKeys:[]
2020-12-23 11:40:05.268 note [Thread-20] INFO  o.s.s.c.ThreadPoolTaskScheduler - Shutting down ExecutorService 'Nacso-Watch-Task-Scheduler'
2020-12-23 11:40:05.270 note [Thread-20] INFO  c.a.c.n.r.NacosServiceRegistry - De-registering from Nacos Server now...
2020-12-23 11:40:05.270 note [Thread-20] INFO  com.alibaba.nacos.client.naming - [BEAT] removing beat: DEFAULT_GROUP@@note:10.26.232.116:8080 from beat map.
2020-12-23 11:40:05.270 note [Thread-20] INFO  com.alibaba.nacos.client.naming - [DEREGISTER-SERVICE] 55d1ad44-b70b-413b-b8e6-7ab78b869a51 deregistering service DEFAULT_GROUP@@note with instance: {"clusterName":"DEFAULT","enabled":true,"ephemeral":true,"healthy":true,"instanceHeartBeatInterval":5000,"instanceHeartBeatTimeOut":15000,"instanceIdGenerator":"simple","ip":"10.26.232.116","ipDeleteTimeout":30000,"metadata":{},"port":8080,"weight":1.0}
2020-12-23 11:40:05.271 note [Thread-20] INFO  c.a.c.n.r.NacosServiceRegistry - De-registration finished.
2020-12-23 11:40:05.272 note [Thread-20] INFO  o.s.s.c.ThreadPoolTaskExecutor - Shutting down ExecutorService 'applicationTaskExecutor'
2020-12-23 11:40:05.280 note [Thread-20] INFO  c.alibaba.druid.pool.DruidDataSource - {dataSource-1} closed
2020-12-23 11:40:08.006 note [main] INFO  c.a.n.c.c.i.LocalConfigInfoProcessor - LOCAL_SNAPSHOT_PATH:/Users/zhoukangwen/nacos/config
2020-12-23 11:40:08.027 note [main] INFO  c.a.nacos.client.config.impl.Limiter - limitTime:5.0
2020-12-23 11:40:08.060 note [main] INFO  o.s.c.b.c.PropertySourceBootstrapConfiguration - Located property source: [BootstrapPropertySource {name='bootstrapProperties-note-test.properties,DEFAULT_GROUP'}, BootstrapPropertySource {name='bootstrapProperties-note.properties,DEFAULT_GROUP'}, BootstrapPropertySource {name='bootstrapProperties-note,DEFAULT_GROUP'}]
2020-12-23 11:40:08.064 note [main] INFO  c.t.note_board.NoteBoardApplication - The following profiles are active: test
2020-12-23 11:40:08.470 note [main] INFO  o.s.d.r.c.RepositoryConfigurationDelegate - Multiple Spring Data modules found, entering strict repository configuration mode!
2020-12-23 11:40:08.471 note [main] INFO  o.s.d.r.c.RepositoryConfigurationDelegate - Bootstrapping Spring Data repositories in DEFAULT mode.
2020-12-23 11:40:08.483 note [main] INFO  o.s.d.r.c.RepositoryConfigurationDelegate - Finished Spring Data repository scanning in 10ms. Found 0 repository interfaces.
2020-12-23 11:40:08.490 note [main] INFO  o.s.d.r.c.RepositoryConfigurationDelegate - Multiple Spring Data modules found, entering strict repository configuration mode!
2020-12-23 11:40:08.491 note [main] INFO  o.s.d.r.c.RepositoryConfigurationDelegate - Bootstrapping Spring Data repositories in DEFAULT mode.
2020-12-23 11:40:08.500 note [main] INFO  o.s.d.r.c.RepositoryConfigurationDelegate - Finished Spring Data repository scanning in 3ms. Found 0 repository interfaces.
2020-12-23 11:40:08.648 note [main] INFO  o.s.cloud.context.scope.GenericScope - BeanFactory id=fb5f50f6-b434-3746-812f-c9f1848694f9
2020-12-23 11:40:08.687 note [main] INFO  o.s.c.s.PostProcessorRegistrationDelegate$BeanPostProcessorChecker - Bean 'org.springframework.transaction.annotation.ProxyTransactionManagementConfiguration' of type [org.springframework.transaction.annotation.ProxyTransactionManagementConfiguration$$EnhancerBySpringCGLIB$$53569d8d] is not eligible for getting processed by all BeanPostProcessors (for example: not eligible for auto-proxying)
2020-12-23 11:40:08.856 note [main] INFO  o.s.b.w.e.tomcat.TomcatWebServer - Tomcat initialized with port(s): 8080 (http)
2020-12-23 11:40:08.866 note [main] INFO  o.a.coyote.http11.Http11NioProtocol - Initializing ProtocolHandler ["http-nio-8080"]
2020-12-23 11:40:08.872 note [main] INFO  o.a.catalina.core.StandardService - Starting service [Tomcat]
2020-12-23 11:40:08.872 note [main] INFO  o.a.catalina.core.StandardEngine - Starting Servlet engine: [Apache Tomcat/9.0.22]
2020-12-23 11:40:08.952 note [main] INFO  o.a.c.c.C.[Tomcat].[localhost].[/] - Initializing Spring embedded WebApplicationContext
2020-12-23 11:40:08.952 note [main] INFO  o.s.web.context.ContextLoader - Root WebApplicationContext: initialization completed in 875 ms
2020-12-23 11:40:09.187 note [main] INFO  org.mongodb.driver.cluster - Cluster created with settings {hosts=[localhost:27017], mode=SINGLE, requiredClusterType=UNKNOWN, serverSelectionTimeout='30000 ms', maxWaitQueueSize=500}
2020-12-23 11:40:09.220 note [cluster-ClusterId{value='5fe2bc19eedd7660162351fd', description='null'}-localhost:27017] INFO  org.mongodb.driver.connection - Opened connection [connectionId{localValue:1, serverValue:54}] to localhost:27017
2020-12-23 11:40:09.223 note [cluster-ClusterId{value='5fe2bc19eedd7660162351fd', description='null'}-localhost:27017] INFO  org.mongodb.driver.cluster - Monitor thread successfully connected to server with description ServerDescription{address=localhost:27017, type=STANDALONE, state=CONNECTED, ok=true, version=ServerVersion{versionList=[4, 4, 2]}, minWireVersion=0, maxWireVersion=9, maxDocumentSize=16777216, logicalSessionTimeoutMinutes=30, roundTripTimeNanos=1925042}
2020-12-23 11:40:09.440 note [main] INFO  c.a.d.s.b.a.DruidDataSourceAutoConfigure - Init DruidDataSource
2020-12-23 11:40:09.746 note [main] INFO  c.alibaba.druid.pool.DruidDataSource - {dataSource-1} inited
2020-12-23 11:40:10.016 note [main] INFO  c.n.c.sources.URLConfigurationSource - To enable URLs as dynamic configuration sources, define System property archaius.configurationSource.additionalUrls or make config.properties available on classpath.
2020-12-23 11:40:10.021 note [main] INFO  c.n.c.sources.URLConfigurationSource - To enable URLs as dynamic configuration sources, define System property archaius.configurationSource.additionalUrls or make config.properties available on classpath.
2020-12-23 11:40:10.183 note [main] INFO  o.s.s.c.ThreadPoolTaskExecutor - Initializing ExecutorService 'applicationTaskExecutor'
2020-12-23 11:40:10.288 note [main] INFO  o.s.s.c.ThreadPoolTaskScheduler - Initializing ExecutorService 'Nacso-Watch-Task-Scheduler'
2020-12-23 11:40:10.294 note [main] INFO  com.alibaba.nacos.client.naming - initializer namespace from System Property :null
2020-12-23 11:40:10.294 note [main] INFO  com.alibaba.nacos.client.naming - initializer namespace from System Environment :null
2020-12-23 11:40:10.294 note [main] INFO  com.alibaba.nacos.client.naming - initializer namespace from System Property :null
2020-12-23 11:40:10.618 note [main] INFO  o.a.coyote.http11.Http11NioProtocol - Starting ProtocolHandler ["http-nio-8080"]
2020-12-23 11:40:10.630 note [main] INFO  o.s.b.w.e.tomcat.TomcatWebServer - Tomcat started on port(s): 8080 (http) with context path ''
2020-12-23 11:40:10.633 note [main] INFO  com.alibaba.nacos.client.naming - [BEAT] adding beat: {"cluster":"DEFAULT","ip":"10.26.232.116","metadata":{"preserved.register.source":"SPRING_CLOUD"},"period":5000,"port":8080,"scheduled":false,"serviceName":"DEFAULT_GROUP@@note","stopped":false,"weight":1.0} to beat map.
2020-12-23 11:40:10.642 note [main] INFO  com.alibaba.nacos.client.naming - [REGISTER-SERVICE] 55d1ad44-b70b-413b-b8e6-7ab78b869a51 registering service DEFAULT_GROUP@@note with instance: {"clusterName":"DEFAULT","enabled":true,"ephemeral":true,"healthy":true,"instanceHeartBeatInterval":5000,"instanceHeartBeatTimeOut":15000,"ip":"10.26.232.116","ipDeleteTimeout":30000,"metadata":{"preserved.register.source":"SPRING_CLOUD"},"port":8080,"weight":1.0}
2020-12-23 11:40:10.646 note [main] INFO  c.a.c.n.r.NacosServiceRegistry - nacos registry, DEFAULT_GROUP note 10.26.232.116:8080 register finished
2020-12-23 11:40:10.651 note [main] INFO  c.t.note_board.NoteBoardApplication - Started NoteBoardApplication in 3.49 seconds (JVM running for 3.997)
2020-12-23 11:40:10.654 note [main] INFO  c.a.n.c.config.impl.ClientWorker - [fixed-localhost_8848] [subscribe] note+DEFAULT_GROUP
2020-12-23 11:40:10.654 note [main] INFO  c.a.n.client.config.impl.CacheData - [fixed-localhost_8848] [add-listener] ok, tenant=, dataId=note, group=DEFAULT_GROUP, cnt=1
2020-12-23 11:40:10.655 note [main] INFO  c.a.n.c.config.impl.ClientWorker - [fixed-localhost_8848] [subscribe] note-test.properties+DEFAULT_GROUP
2020-12-23 11:40:10.655 note [main] INFO  c.a.n.client.config.impl.CacheData - [fixed-localhost_8848] [add-listener] ok, tenant=, dataId=note-test.properties, group=DEFAULT_GROUP, cnt=1
2020-12-23 11:40:10.655 note [main] INFO  c.a.n.c.config.impl.ClientWorker - [fixed-localhost_8848] [subscribe] note.properties+DEFAULT_GROUP
2020-12-23 11:40:10.655 note [main] INFO  c.a.n.client.config.impl.CacheData - [fixed-localhost_8848] [add-listener] ok, tenant=, dataId=note.properties, group=DEFAULT_GROUP, cnt=1
2020-12-23 11:40:10.659 note [com.alibaba.nacos.client.Worker.longPolling.fixed-localhost_8848] INFO  c.a.n.c.config.impl.ClientWorker - get changedGroupKeys:[]
2020-12-23 11:40:40.367 note [com.alibaba.nacos.client.Worker.longPolling.fixed-localhost_8848] INFO  c.a.n.c.config.impl.ClientWorker - get changedGroupKeys:[]
2020-12-23 11:41:09.877 note [com.alibaba.nacos.client.Worker.longPolling.fixed-localhost_8848] INFO  c.a.n.c.config.impl.ClientWorker - get changedGroupKeys:[]
2020-12-23 11:41:39.388 note [com.alibaba.nacos.client.Worker.longPolling.fixed-localhost_8848] INFO  c.a.n.c.config.impl.ClientWorker - get changedGroupKeys:[]
2020-12-23 11:42:08.897 note [com.alibaba.nacos.client.Worker.longPolling.fixed-localhost_8848] INFO  c.a.n.c.config.impl.ClientWorker - get changedGroupKeys:[]
2020-12-23 11:42:38.405 note [com.alibaba.nacos.client.Worker.longPolling.fixed-localhost_8848] INFO  c.a.n.c.config.impl.ClientWorker - get changedGroupKeys:[]
2020-12-23 11:42:40.483 note [Thread-20] INFO  o.s.s.c.ThreadPoolTaskScheduler - Shutting down ExecutorService 'Nacso-Watch-Task-Scheduler'
2020-12-23 11:42:40.484 note [Thread-20] INFO  c.a.c.n.r.NacosServiceRegistry - De-registering from Nacos Server now...
2020-12-23 11:42:40.485 note [Thread-20] INFO  com.alibaba.nacos.client.naming - [BEAT] removing beat: DEFAULT_GROUP@@note:10.26.232.116:8080 from beat map.
2020-12-23 11:42:40.485 note [Thread-20] INFO  com.alibaba.nacos.client.naming - [DEREGISTER-SERVICE] 55d1ad44-b70b-413b-b8e6-7ab78b869a51 deregistering service DEFAULT_GROUP@@note with instance: {"clusterName":"DEFAULT","enabled":true,"ephemeral":true,"healthy":true,"instanceHeartBeatInterval":5000,"instanceHeartBeatTimeOut":15000,"instanceIdGenerator":"simple","ip":"10.26.232.116","ipDeleteTimeout":30000,"metadata":{},"port":8080,"weight":1.0}
2020-12-23 11:42:40.486 note [Thread-20] INFO  c.a.c.n.r.NacosServiceRegistry - De-registration finished.
2020-12-23 11:42:40.487 note [Thread-20] INFO  o.s.s.c.ThreadPoolTaskExecutor - Shutting down ExecutorService 'applicationTaskExecutor'
2020-12-23 11:42:40.491 note [Thread-20] INFO  c.alibaba.druid.pool.DruidDataSource - {dataSource-1} closed
2020-12-23 11:53:41.683 note [main] INFO  c.a.n.c.c.i.LocalConfigInfoProcessor - LOCAL_SNAPSHOT_PATH:/Users/zhoukangwen/nacos/config
2020-12-23 11:53:41.702 note [main] INFO  c.a.nacos.client.config.impl.Limiter - limitTime:5.0
2020-12-23 11:53:41.726 note [main] INFO  o.s.c.b.c.PropertySourceBootstrapConfiguration - Located property source: [BootstrapPropertySource {name='bootstrapProperties-note-test.properties,DEFAULT_GROUP'}, BootstrapPropertySource {name='bootstrapProperties-note.properties,DEFAULT_GROUP'}, BootstrapPropertySource {name='bootstrapProperties-note,DEFAULT_GROUP'}]
2020-12-23 11:53:41.729 note [main] INFO  c.t.note_board.NoteBoardApplication - The following profiles are active: test
2020-12-23 11:53:42.121 note [main] INFO  o.s.d.r.c.RepositoryConfigurationDelegate - Multiple Spring Data modules found, entering strict repository configuration mode!
2020-12-23 11:53:42.121 note [main] INFO  o.s.d.r.c.RepositoryConfigurationDelegate - Bootstrapping Spring Data repositories in DEFAULT mode.
2020-12-23 11:53:42.133 note [main] INFO  o.s.d.r.c.RepositoryConfigurationDelegate - Finished Spring Data repository scanning in 9ms. Found 0 repository interfaces.
2020-12-23 11:53:42.141 note [main] INFO  o.s.d.r.c.RepositoryConfigurationDelegate - Multiple Spring Data modules found, entering strict repository configuration mode!
2020-12-23 11:53:42.141 note [main] INFO  o.s.d.r.c.RepositoryConfigurationDelegate - Bootstrapping Spring Data repositories in DEFAULT mode.
2020-12-23 11:53:42.149 note [main] INFO  o.s.d.r.c.RepositoryConfigurationDelegate - Finished Spring Data repository scanning in 3ms. Found 0 repository interfaces.
2020-12-23 11:53:42.300 note [main] INFO  o.s.cloud.context.scope.GenericScope - BeanFactory id=fb5f50f6-b434-3746-812f-c9f1848694f9
2020-12-23 11:53:42.339 note [main] INFO  o.s.c.s.PostProcessorRegistrationDelegate$BeanPostProcessorChecker - Bean 'org.springframework.transaction.annotation.ProxyTransactionManagementConfiguration' of type [org.springframework.transaction.annotation.ProxyTransactionManagementConfiguration$$EnhancerBySpringCGLIB$$5b510e61] is not eligible for getting processed by all BeanPostProcessors (for example: not eligible for auto-proxying)
2020-12-23 11:53:42.503 note [main] INFO  o.s.b.w.e.tomcat.TomcatWebServer - Tomcat initialized with port(s): 8080 (http)
2020-12-23 11:53:42.512 note [main] INFO  o.a.coyote.http11.Http11NioProtocol - Initializing ProtocolHandler ["http-nio-8080"]
2020-12-23 11:53:42.518 note [main] INFO  o.a.catalina.core.StandardService - Starting service [Tomcat]
2020-12-23 11:53:42.519 note [main] INFO  o.a.catalina.core.StandardEngine - Starting Servlet engine: [Apache Tomcat/9.0.22]
2020-12-23 11:53:42.595 note [main] INFO  o.a.c.c.C.[Tomcat].[localhost].[/] - Initializing Spring embedded WebApplicationContext
2020-12-23 11:53:42.595 note [main] INFO  o.s.web.context.ContextLoader - Root WebApplicationContext: initialization completed in 858 ms
2020-12-23 11:53:42.837 note [main] INFO  org.mongodb.driver.cluster - Cluster created with settings {hosts=[localhost:27017], mode=SINGLE, requiredClusterType=UNKNOWN, serverSelectionTimeout='30000 ms', maxWaitQueueSize=500}
2020-12-23 11:53:42.896 note [cluster-ClusterId{value='5fe2bf46eedd766060fb9ecc', description='null'}-localhost:27017] INFO  org.mongodb.driver.connection - Opened connection [connectionId{localValue:1, serverValue:55}] to localhost:27017
2020-12-23 11:53:42.899 note [cluster-ClusterId{value='5fe2bf46eedd766060fb9ecc', description='null'}-localhost:27017] INFO  org.mongodb.driver.cluster - Monitor thread successfully connected to server with description ServerDescription{address=localhost:27017, type=STANDALONE, state=CONNECTED, ok=true, version=ServerVersion{versionList=[4, 4, 2]}, minWireVersion=0, maxWireVersion=9, maxDocumentSize=16777216, logicalSessionTimeoutMinutes=30, roundTripTimeNanos=2224187}
2020-12-23 11:53:43.127 note [main] INFO  c.a.d.s.b.a.DruidDataSourceAutoConfigure - Init DruidDataSource
2020-12-23 11:53:43.452 note [main] INFO  c.alibaba.druid.pool.DruidDataSource - {dataSource-1} inited
2020-12-23 11:53:43.746 note [main] INFO  c.n.c.sources.URLConfigurationSource - To enable URLs as dynamic configuration sources, define System property archaius.configurationSource.additionalUrls or make config.properties available on classpath.
2020-12-23 11:53:43.752 note [main] INFO  c.n.c.sources.URLConfigurationSource - To enable URLs as dynamic configuration sources, define System property archaius.configurationSource.additionalUrls or make config.properties available on classpath.
2020-12-23 11:53:43.949 note [main] INFO  o.s.s.c.ThreadPoolTaskExecutor - Initializing ExecutorService 'applicationTaskExecutor'
2020-12-23 11:53:44.069 note [main] INFO  o.s.s.c.ThreadPoolTaskScheduler - Initializing ExecutorService 'Nacso-Watch-Task-Scheduler'
2020-12-23 11:53:44.074 note [main] INFO  com.alibaba.nacos.client.naming - initializer namespace from System Property :null
2020-12-23 11:53:44.075 note [main] INFO  com.alibaba.nacos.client.naming - initializer namespace from System Environment :null
2020-12-23 11:53:44.075 note [main] INFO  com.alibaba.nacos.client.naming - initializer namespace from System Property :null
2020-12-23 11:53:44.417 note [main] INFO  o.a.coyote.http11.Http11NioProtocol - Starting ProtocolHandler ["http-nio-8080"]
2020-12-23 11:53:44.429 note [main] INFO  o.s.b.w.e.tomcat.TomcatWebServer - Tomcat started on port(s): 8080 (http) with context path ''
2020-12-23 11:53:44.431 note [main] INFO  com.alibaba.nacos.client.naming - [BEAT] adding beat: {"cluster":"DEFAULT","ip":"10.26.232.116","metadata":{"preserved.register.source":"SPRING_CLOUD"},"period":5000,"port":8080,"scheduled":false,"serviceName":"DEFAULT_GROUP@@note","stopped":false,"weight":1.0} to beat map.
2020-12-23 11:53:44.440 note [main] INFO  com.alibaba.nacos.client.naming - [REGISTER-SERVICE] 55d1ad44-b70b-413b-b8e6-7ab78b869a51 registering service DEFAULT_GROUP@@note with instance: {"clusterName":"DEFAULT","enabled":true,"ephemeral":true,"healthy":true,"instanceHeartBeatInterval":5000,"instanceHeartBeatTimeOut":15000,"ip":"10.26.232.116","ipDeleteTimeout":30000,"metadata":{"preserved.register.source":"SPRING_CLOUD"},"port":8080,"weight":1.0}
2020-12-23 11:53:44.445 note [main] INFO  c.a.c.n.r.NacosServiceRegistry - nacos registry, DEFAULT_GROUP note 10.26.232.116:8080 register finished
2020-12-23 11:53:44.450 note [main] INFO  c.t.note_board.NoteBoardApplication - Started NoteBoardApplication in 3.452 seconds (JVM running for 4.993)
2020-12-23 11:53:44.453 note [main] INFO  c.a.n.c.config.impl.ClientWorker - [fixed-localhost_8848] [subscribe] note+DEFAULT_GROUP
2020-12-23 11:53:44.453 note [main] INFO  c.a.n.client.config.impl.CacheData - [fixed-localhost_8848] [add-listener] ok, tenant=, dataId=note, group=DEFAULT_GROUP, cnt=1
2020-12-23 11:53:44.453 note [main] INFO  c.a.n.c.config.impl.ClientWorker - [fixed-localhost_8848] [subscribe] note-test.properties+DEFAULT_GROUP
2020-12-23 11:53:44.454 note [main] INFO  c.a.n.client.config.impl.CacheData - [fixed-localhost_8848] [add-listener] ok, tenant=, dataId=note-test.properties, group=DEFAULT_GROUP, cnt=1
2020-12-23 11:53:44.454 note [main] INFO  c.a.n.c.config.impl.ClientWorker - [fixed-localhost_8848] [subscribe] note.properties+DEFAULT_GROUP
2020-12-23 11:53:44.454 note [main] INFO  c.a.n.client.config.impl.CacheData - [fixed-localhost_8848] [add-listener] ok, tenant=, dataId=note.properties, group=DEFAULT_GROUP, cnt=1
2020-12-23 11:53:44.463 note [com.alibaba.nacos.client.Worker.longPolling.fixed-localhost_8848] INFO  c.a.n.c.config.impl.ClientWorker - get changedGroupKeys:[]
2020-12-23 11:54:04.681 note [http-nio-8080-exec-2] INFO  o.a.c.c.C.[Tomcat].[localhost].[/] - Initializing Spring DispatcherServlet 'dispatcherServlet'
2020-12-23 11:54:04.681 note [http-nio-8080-exec-2] INFO  o.s.web.servlet.DispatcherServlet - Initializing Servlet 'dispatcherServlet'
2020-12-23 11:54:04.688 note [http-nio-8080-exec-2] INFO  o.s.web.servlet.DispatcherServlet - Completed initialization in 7 ms
2020-12-23 11:54:04.783 note [http-nio-8080-exec-2] INFO  c.t.n.controller.NoteController - 登陆入参： Note 对象
2020-12-23 11:54:05.405 note [http-nio-8080-exec-2] INFO  org.mongodb.driver.connection - Opened connection [connectionId{localValue:2, serverValue:56}] to localhost:27017
2020-12-23 11:54:14.171 note [com.alibaba.nacos.client.Worker.longPolling.fixed-localhost_8848] INFO  c.a.n.c.config.impl.ClientWorker - get changedGroupKeys:[]
2020-12-23 11:54:43.680 note [com.alibaba.nacos.client.Worker.longPolling.fixed-localhost_8848] INFO  c.a.n.c.config.impl.ClientWorker - get changedGroupKeys:[]
2020-12-23 11:55:13.189 note [com.alibaba.nacos.client.Worker.longPolling.fixed-localhost_8848] INFO  c.a.n.c.config.impl.ClientWorker - get changedGroupKeys:[]
2020-12-23 11:55:42.700 note [com.alibaba.nacos.client.Worker.longPolling.fixed-localhost_8848] INFO  c.a.n.c.config.impl.ClientWorker - get changedGroupKeys:[]
2020-12-23 11:56:10.101 note [Thread-20] INFO  o.s.s.c.ThreadPoolTaskScheduler - Shutting down ExecutorService 'Nacso-Watch-Task-Scheduler'
2020-12-23 11:56:10.102 note [Thread-20] INFO  c.a.c.n.r.NacosServiceRegistry - De-registering from Nacos Server now...
2020-12-23 11:56:10.103 note [Thread-20] INFO  com.alibaba.nacos.client.naming - [BEAT] removing beat: DEFAULT_GROUP@@note:10.26.232.116:8080 from beat map.
2020-12-23 11:56:10.103 note [Thread-20] INFO  com.alibaba.nacos.client.naming - [DEREGISTER-SERVICE] 55d1ad44-b70b-413b-b8e6-7ab78b869a51 deregistering service DEFAULT_GROUP@@note with instance: {"clusterName":"DEFAULT","enabled":true,"ephemeral":true,"healthy":true,"instanceHeartBeatInterval":5000,"instanceHeartBeatTimeOut":15000,"instanceIdGenerator":"simple","ip":"10.26.232.116","ipDeleteTimeout":30000,"metadata":{},"port":8080,"weight":1.0}
2020-12-23 11:56:10.104 note [Thread-20] INFO  c.a.c.n.r.NacosServiceRegistry - De-registration finished.
2020-12-23 11:56:10.105 note [Thread-20] INFO  o.s.s.c.ThreadPoolTaskExecutor - Shutting down ExecutorService 'applicationTaskExecutor'
2020-12-23 11:56:10.111 note [Thread-20] INFO  c.alibaba.druid.pool.DruidDataSource - {dataSource-1} closed
2020-12-23 11:56:11.240 note [Thread-20] INFO  org.mongodb.driver.connection - Closed connection [connectionId{localValue:2, serverValue:56}] to localhost:27017 because the pool has been closed.
2020-12-23 14:37:00.407 note [main] INFO  c.a.n.c.c.i.LocalConfigInfoProcessor - LOCAL_SNAPSHOT_PATH:/Users/zhoukangwen/nacos/config
2020-12-23 14:37:00.426 note [main] INFO  c.a.nacos.client.config.impl.Limiter - limitTime:5.0
2020-12-23 14:37:00.451 note [main] INFO  o.s.c.b.c.PropertySourceBootstrapConfiguration - Located property source: [BootstrapPropertySource {name='bootstrapProperties-note-test.properties,DEFAULT_GROUP'}, BootstrapPropertySource {name='bootstrapProperties-note.properties,DEFAULT_GROUP'}, BootstrapPropertySource {name='bootstrapProperties-note,DEFAULT_GROUP'}]
2020-12-23 14:37:00.454 note [main] INFO  c.t.note_board.NoteBoardApplication - The following profiles are active: test
2020-12-23 14:37:00.824 note [main] INFO  o.s.d.r.c.RepositoryConfigurationDelegate - Multiple Spring Data modules found, entering strict repository configuration mode!
2020-12-23 14:37:00.825 note [main] INFO  o.s.d.r.c.RepositoryConfigurationDelegate - Bootstrapping Spring Data repositories in DEFAULT mode.
2020-12-23 14:37:00.836 note [main] INFO  o.s.d.r.c.RepositoryConfigurationDelegate - Finished Spring Data repository scanning in 9ms. Found 0 repository interfaces.
2020-12-23 14:37:00.844 note [main] INFO  o.s.d.r.c.RepositoryConfigurationDelegate - Multiple Spring Data modules found, entering strict repository configuration mode!
2020-12-23 14:37:00.845 note [main] INFO  o.s.d.r.c.RepositoryConfigurationDelegate - Bootstrapping Spring Data repositories in DEFAULT mode.
2020-12-23 14:37:00.853 note [main] INFO  o.s.d.r.c.RepositoryConfigurationDelegate - Finished Spring Data repository scanning in 3ms. Found 0 repository interfaces.
2020-12-23 14:37:00.997 note [main] INFO  o.s.cloud.context.scope.GenericScope - BeanFactory id=fb5f50f6-b434-3746-812f-c9f1848694f9
2020-12-23 14:37:01.035 note [main] INFO  o.s.c.s.PostProcessorRegistrationDelegate$BeanPostProcessorChecker - Bean 'org.springframework.transaction.annotation.ProxyTransactionManagementConfiguration' of type [org.springframework.transaction.annotation.ProxyTransactionManagementConfiguration$$EnhancerBySpringCGLIB$$156b451e] is not eligible for getting processed by all BeanPostProcessors (for example: not eligible for auto-proxying)
2020-12-23 14:37:01.197 note [main] INFO  o.s.b.w.e.tomcat.TomcatWebServer - Tomcat initialized with port(s): 8080 (http)
2020-12-23 14:37:01.206 note [main] INFO  o.a.coyote.http11.Http11NioProtocol - Initializing ProtocolHandler ["http-nio-8080"]
2020-12-23 14:37:01.212 note [main] INFO  o.a.catalina.core.StandardService - Starting service [Tomcat]
2020-12-23 14:37:01.212 note [main] INFO  o.a.catalina.core.StandardEngine - Starting Servlet engine: [Apache Tomcat/9.0.22]
2020-12-23 14:37:01.288 note [main] INFO  o.a.c.c.C.[Tomcat].[localhost].[/] - Initializing Spring embedded WebApplicationContext
2020-12-23 14:37:01.289 note [main] INFO  o.s.web.context.ContextLoader - Root WebApplicationContext: initialization completed in 827 ms
2020-12-23 14:37:01.520 note [main] INFO  org.mongodb.driver.cluster - Cluster created with settings {hosts=[localhost:27017], mode=SINGLE, requiredClusterType=UNKNOWN, serverSelectionTimeout='30000 ms', maxWaitQueueSize=500}
2020-12-23 14:37:01.554 note [cluster-ClusterId{value='5fe2e58deedd766142383b34', description='null'}-localhost:27017] INFO  org.mongodb.driver.connection - Opened connection [connectionId{localValue:1, serverValue:57}] to localhost:27017
2020-12-23 14:37:01.557 note [cluster-ClusterId{value='5fe2e58deedd766142383b34', description='null'}-localhost:27017] INFO  org.mongodb.driver.cluster - Monitor thread successfully connected to server with description ServerDescription{address=localhost:27017, type=STANDALONE, state=CONNECTED, ok=true, version=ServerVersion{versionList=[4, 4, 2]}, minWireVersion=0, maxWireVersion=9, maxDocumentSize=16777216, logicalSessionTimeoutMinutes=30, roundTripTimeNanos=2170523}
2020-12-23 14:37:01.781 note [main] INFO  c.a.d.s.b.a.DruidDataSourceAutoConfigure - Init DruidDataSource
2020-12-23 14:37:02.080 note [main] INFO  c.alibaba.druid.pool.DruidDataSource - {dataSource-1} inited
2020-12-23 14:37:02.347 note [main] INFO  c.n.c.sources.URLConfigurationSource - To enable URLs as dynamic configuration sources, define System property archaius.configurationSource.additionalUrls or make config.properties available on classpath.
2020-12-23 14:37:02.351 note [main] INFO  c.n.c.sources.URLConfigurationSource - To enable URLs as dynamic configuration sources, define System property archaius.configurationSource.additionalUrls or make config.properties available on classpath.
2020-12-23 14:37:02.527 note [main] INFO  o.s.s.c.ThreadPoolTaskExecutor - Initializing ExecutorService 'applicationTaskExecutor'
2020-12-23 14:37:02.631 note [main] INFO  o.s.s.c.ThreadPoolTaskScheduler - Initializing ExecutorService 'Nacso-Watch-Task-Scheduler'
2020-12-23 14:37:02.637 note [main] INFO  com.alibaba.nacos.client.naming - initializer namespace from System Property :null
2020-12-23 14:37:02.637 note [main] INFO  com.alibaba.nacos.client.naming - initializer namespace from System Environment :null
2020-12-23 14:37:02.638 note [main] INFO  com.alibaba.nacos.client.naming - initializer namespace from System Property :null
2020-12-23 14:37:02.956 note [main] INFO  o.a.coyote.http11.Http11NioProtocol - Starting ProtocolHandler ["http-nio-8080"]
2020-12-23 14:37:02.967 note [main] INFO  o.s.b.w.e.tomcat.TomcatWebServer - Tomcat started on port(s): 8080 (http) with context path ''
2020-12-23 14:37:02.970 note [main] INFO  com.alibaba.nacos.client.naming - [BEAT] adding beat: {"cluster":"DEFAULT","ip":"10.26.232.116","metadata":{"preserved.register.source":"SPRING_CLOUD"},"period":5000,"port":8080,"scheduled":false,"serviceName":"DEFAULT_GROUP@@note","stopped":false,"weight":1.0} to beat map.
2020-12-23 14:37:02.979 note [main] INFO  com.alibaba.nacos.client.naming - [REGISTER-SERVICE] 55d1ad44-b70b-413b-b8e6-7ab78b869a51 registering service DEFAULT_GROUP@@note with instance: {"clusterName":"DEFAULT","enabled":true,"ephemeral":true,"healthy":true,"instanceHeartBeatInterval":5000,"instanceHeartBeatTimeOut":15000,"ip":"10.26.232.116","ipDeleteTimeout":30000,"metadata":{"preserved.register.source":"SPRING_CLOUD"},"port":8080,"weight":1.0}
2020-12-23 14:37:02.984 note [main] INFO  c.a.c.n.r.NacosServiceRegistry - nacos registry, DEFAULT_GROUP note 10.26.232.116:8080 register finished
2020-12-23 14:37:02.988 note [main] INFO  c.t.note_board.NoteBoardApplication - Started NoteBoardApplication in 3.252 seconds (JVM running for 4.717)
2020-12-23 14:37:02.991 note [main] INFO  c.a.n.c.config.impl.ClientWorker - [fixed-localhost_8848] [subscribe] note+DEFAULT_GROUP
2020-12-23 14:37:02.992 note [main] INFO  c.a.n.client.config.impl.CacheData - [fixed-localhost_8848] [add-listener] ok, tenant=, dataId=note, group=DEFAULT_GROUP, cnt=1
2020-12-23 14:37:02.992 note [main] INFO  c.a.n.c.config.impl.ClientWorker - [fixed-localhost_8848] [subscribe] note-test.properties+DEFAULT_GROUP
2020-12-23 14:37:02.993 note [main] INFO  c.a.n.client.config.impl.CacheData - [fixed-localhost_8848] [add-listener] ok, tenant=, dataId=note-test.properties, group=DEFAULT_GROUP, cnt=1
2020-12-23 14:37:02.993 note [main] INFO  c.a.n.c.config.impl.ClientWorker - [fixed-localhost_8848] [subscribe] note.properties+DEFAULT_GROUP
2020-12-23 14:37:02.993 note [main] INFO  c.a.n.client.config.impl.CacheData - [fixed-localhost_8848] [add-listener] ok, tenant=, dataId=note.properties, group=DEFAULT_GROUP, cnt=1
2020-12-23 14:37:03.006 note [com.alibaba.nacos.client.Worker.longPolling.fixed-localhost_8848] INFO  c.a.n.c.config.impl.ClientWorker - get changedGroupKeys:[]
2020-12-23 14:37:06.124 note [Thread-20] INFO  o.s.s.c.ThreadPoolTaskScheduler - Shutting down ExecutorService 'Nacso-Watch-Task-Scheduler'
2020-12-23 14:37:06.126 note [Thread-20] INFO  c.a.c.n.r.NacosServiceRegistry - De-registering from Nacos Server now...
2020-12-23 14:37:06.126 note [Thread-20] INFO  com.alibaba.nacos.client.naming - [BEAT] removing beat: DEFAULT_GROUP@@note:10.26.232.116:8080 from beat map.
2020-12-23 14:37:06.126 note [Thread-20] INFO  com.alibaba.nacos.client.naming - [DEREGISTER-SERVICE] 55d1ad44-b70b-413b-b8e6-7ab78b869a51 deregistering service DEFAULT_GROUP@@note with instance: {"clusterName":"DEFAULT","enabled":true,"ephemeral":true,"healthy":true,"instanceHeartBeatInterval":5000,"instanceHeartBeatTimeOut":15000,"instanceIdGenerator":"simple","ip":"10.26.232.116","ipDeleteTimeout":30000,"metadata":{},"port":8080,"weight":1.0}
2020-12-23 14:37:06.128 note [Thread-20] INFO  c.a.c.n.r.NacosServiceRegistry - De-registration finished.
2020-12-23 14:37:06.129 note [Thread-20] INFO  o.s.s.c.ThreadPoolTaskExecutor - Shutting down ExecutorService 'applicationTaskExecutor'
2020-12-23 14:37:06.134 note [Thread-20] INFO  c.alibaba.druid.pool.DruidDataSource - {dataSource-1} closed
